{
  "RSpec": {
    "coverage": {
      "/Users/cody/Documents/Coding/epicodus/week_11/portfolio/spec/controllers/posts_controller_spec.rb": [
        1,
        null,
        null,
        null,
        null,
        null,
        null,
        null,
        null,
        null,
        null,
        null,
        null,
        null,
        null,
        null,
        null,
        null,
        null,
        null,
        1,
        null,
        null,
        null,
        null,
        1,
        13,
        null,
        null,
        1,
        2,
        null,
        null,
        null,
        null,
        null,
        2,
        null,
        1,
        1,
        1,
        0,
        0,
        null,
        null,
        null,
        1,
        1,
        1,
        0,
        0,
        null,
        null,
        null,
        1,
        1,
        1,
        1,
        null,
        null,
        null,
        1,
        1,
        1,
        0,
        0,
        null,
        null,
        null,
        1,
        1,
        1,
        1,
        1,
        null,
        null,
        null,
        1,
        1,
        0,
        0,
        null,
        null,
        1,
        1,
        0,
        null,
        null,
        null,
        1,
        1,
        1,
        0,
        null,
        null,
        1,
        1,
        0,
        null,
        null,
        null,
        null,
        1,
        1,
        1,
        0,
        null,
        null,
        1,
        1,
        0,
        0,
        0,
        null,
        null,
        1,
        1,
        0,
        0,
        null,
        null,
        1,
        1,
        0,
        0,
        null,
        null,
        null,
        1,
        1,
        1,
        0,
        0,
        null,
        null,
        1,
        1,
        0,
        0,
        null,
        null,
        null,
        null,
        1,
        1,
        1,
        0,
        0,
        null,
        null,
        null,
        1,
        1,
        0,
        0,
        null,
        null,
        null,
        null
      ],
      "/Users/cody/Documents/Coding/epicodus/week_11/portfolio/spec/rails_helper.rb": [
        null,
        1,
        1,
        null,
        1,
        1,
        1,
        null,
        null,
        null,
        null,
        null,
        null,
        null,
        null,
        null,
        null,
        null,
        null,
        null,
        null,
        null,
        null,
        null,
        null,
        null,
        1,
        null,
        1,
        null,
        1,
        null,
        null,
        null,
        null,
        1,
        null,
        null,
        null,
        null,
        null,
        null,
        null,
        null,
        null,
        null,
        null,
        null,
        null,
        null,
        1,
        null
      ],
      "/Users/cody/Documents/Coding/epicodus/week_11/portfolio/config/environment.rb": [
        null,
        1,
        null,
        null,
        1
      ],
      "/Users/cody/Documents/Coding/epicodus/week_11/portfolio/config/application.rb": [
        1,
        null,
        1,
        null,
        1,
        1,
        1,
        1,
        1,
        1,
        1,
        null,
        null,
        null,
        null,
        1,
        null,
        1,
        1,
        null,
        null,
        null,
        null,
        null,
        null,
        null,
        null,
        null,
        null,
        null,
        null,
        null,
        1,
        null,
        null
      ],
      "/Users/cody/Documents/Coding/epicodus/week_11/portfolio/config/boot.rb": [
        1,
        null,
        1
      ],
      "/Users/cody/Documents/Coding/epicodus/week_11/portfolio/config/environments/test.rb": [
        1,
        null,
        null,
        null,
        null,
        null,
        null,
        1,
        null,
        null,
        null,
        null,
        1,
        null,
        null,
        1,
        1,
        null,
        null,
        1,
        1,
        null,
        null,
        1,
        null,
        null,
        1,
        null,
        null,
        null,
        null,
        1,
        null,
        null,
        1,
        null,
        null,
        1,
        null,
        null,
        null,
        null
      ],
      "/Users/cody/Documents/Coding/epicodus/week_11/portfolio/config/initializers/assets.rb": [
        null,
        null,
        null,
        1,
        null,
        null,
        null,
        null,
        null,
        null,
        null
      ],
      "/Users/cody/Documents/Coding/epicodus/week_11/portfolio/config/initializers/backtrace_silencers.rb": [
        null,
        null,
        null,
        null,
        null,
        null,
        null
      ],
      "/Users/cody/Documents/Coding/epicodus/week_11/portfolio/config/initializers/cookies_serializer.rb": [
        null,
        null,
        1
      ],
      "/Users/cody/Documents/Coding/epicodus/week_11/portfolio/config/initializers/devise.rb": [
        null,
        null,
        1,
        null,
        null,
        null,
        null,
        null,
        null,
        null,
        null,
        null,
        null,
        null,
        1,
        null,
        null,
        null,
        null,
        null,
        null,
        null,
        null,
        1,
        null,
        null,
        null,
        null,
        null,
        null,
        null,
        null,
        null,
        null,
        null,
        null,
        null,
        null,
        null,
        null,
        null,
        null,
        null,
        null,
        null,
        1,
        null,
        null,
        null,
        null,
        1,
        null,
        null,
        null,
        null,
        null,
        null,
        null,
        null,
        null,
        null,
        null,
        null,
        null,
        null,
        null,
        null,
        null,
        null,
        null,
        null,
        null,
        null,
        null,
        null,
        null,
        null,
        null,
        null,
        null,
        null,
        1,
        null,
        null,
        null,
        null,
        null,
        null,
        null,
        null,
        null,
        null,
        null,
        null,
        null,
        null,
        null,
        null,
        1,
        null,
        null,
        null,
        null,
        null,
        null,
        null,
        null,
        null,
        null,
        null,
        null,
        null,
        null,
        null,
        null,
        null,
        null,
        null,
        null,
        null,
        null,
        null,
        null,
        1,
        null,
        null,
        null,
        null,
        null,
        null,
        null,
        null,
        null,
        1,
        null,
        null,
        null,
        null,
        null,
        null,
        null,
        null,
        null,
        null,
        1,
        null,
        null,
        null,
        null,
        null,
        null,
        null,
        null,
        null,
        null,
        null,
        null,
        null,
        null,
        null,
        null,
        null,
        null,
        null,
        null,
        null,
        null,
        null,
        null,
        null,
        null,
        null,
        null,
        null,
        null,
        null,
        null,
        null,
        null,
        null,
        null,
        null,
        null,
        null,
        null,
        null,
        null,
        null,
        null,
        null,
        null,
        null,
        null,
        1,
        null,
        null,
        null,
        null,
        null,
        null,
        null,
        null,
        null,
        null,
        null,
        null,
        null,
        null,
        null,
        null,
        null,
        null,
        null,
        null,
        null,
        null,
        null,
        null,
        null,
        null,
        null,
        null,
        null,
        null,
        null,
        null,
        null,
        null,
        null,
        null,
        null,
        null,
        null,
        null,
        null,
        1,
        null,
        null,
        null,
        null,
        null,
        null,
        null,
        null,
        null,
        null,
        null,
        null,
        null,
        null,
        null,
        null,
        null,
        null,
        null,
        null,
        null,
        null,
        null,
        null,
        null,
        null,
        null,
        null,
        null
      ],
      "/Users/cody/Documents/Coding/epicodus/week_11/portfolio/config/initializers/filter_parameter_logging.rb": [
        null,
        null,
        null,
        1
      ],
      "/Users/cody/Documents/Coding/epicodus/week_11/portfolio/config/initializers/inflections.rb": [
        null,
        null,
        null,
        null,
        null,
        null,
        null,
        null,
        null,
        null,
        null,
        null,
        null,
        null,
        null,
        null
      ],
      "/Users/cody/Documents/Coding/epicodus/week_11/portfolio/config/initializers/mime_types.rb": [
        null,
        null,
        null,
        null
      ],
      "/Users/cody/Documents/Coding/epicodus/week_11/portfolio/config/initializers/session_store.rb": [
        null,
        null,
        1
      ],
      "/Users/cody/Documents/Coding/epicodus/week_11/portfolio/config/initializers/wrap_parameters.rb": [
        null,
        null,
        null,
        null,
        null,
        null,
        1,
        1,
        null,
        null,
        null,
        null,
        null,
        null
      ],
      "/Users/cody/Documents/Coding/epicodus/week_11/portfolio/config/routes.rb": [
        1,
        null,
        null,
        1,
        1,
        1,
        1,
        1,
        null,
        null,
        null
      ],
      "/Users/cody/Documents/Coding/epicodus/week_11/portfolio/app/models/user.rb": [
        1,
        1,
        1,
        null,
        1,
        0,
        null,
        null,
        null,
        null,
        1,
        null,
        null
      ],
      "/Users/cody/Documents/Coding/epicodus/week_11/portfolio/app/helpers/application_helper.rb": [
        1,
        null
      ],
      "/Users/cody/Documents/Coding/epicodus/week_11/portfolio/app/helpers/posts_helper.rb": [
        1,
        null
      ],
      "/Users/cody/Documents/Coding/epicodus/week_11/portfolio/app/controllers/posts_controller.rb": [
        1,
        1,
        null,
        null,
        1,
        1,
        null,
        null,
        null,
        1,
        null,
        null,
        null,
        1,
        1,
        null,
        null,
        null,
        1,
        null,
        null,
        null,
        1,
        0,
        null,
        0,
        0,
        null,
        0,
        null,
        null,
        null,
        null,
        1,
        0,
        0,
        null,
        0,
        null,
        null,
        null,
        null,
        1,
        0,
        0,
        null,
        null,
        1,
        null,
        1,
        0,
        null,
        null,
        null,
        1,
        0,
        null,
        null
      ],
      "/Users/cody/Documents/Coding/epicodus/week_11/portfolio/app/controllers/application_controller.rb": [
        1,
        null,
        null,
        1,
        null
      ],
      "/Users/cody/Documents/Coding/epicodus/week_11/portfolio/spec/helpers/posts_helper_spec.rb": [
        1,
        null,
        null,
        null,
        null,
        null,
        null,
        null,
        null,
        null,
        null,
        null,
        1,
        1,
        null
      ],
      "/Users/cody/Documents/Coding/epicodus/week_11/portfolio/spec/models/coding_skills_spec.rb": [
        1,
        null,
        1,
        2,
        2,
        null
      ],
      "/Users/cody/Documents/Coding/epicodus/week_11/portfolio/app/models/coding_skill.rb": [
        1,
        1,
        1,
        null
      ],
      "/Users/cody/Documents/Coding/epicodus/week_11/portfolio/spec/models/post_spec.rb": [
        1,
        null,
        1,
        1,
        null
      ],
      "/Users/cody/Documents/Coding/epicodus/week_11/portfolio/app/models/post.rb": [
        1,
        1,
        null
      ],
      "/Users/cody/Documents/Coding/epicodus/week_11/portfolio/spec/models/projects_spec.rb": [
        1,
        null,
        1,
        2,
        2,
        null
      ],
      "/Users/cody/Documents/Coding/epicodus/week_11/portfolio/app/models/project.rb": [
        1,
        1,
        null,
        1,
        null
      ],
      "/Users/cody/Documents/Coding/epicodus/week_11/portfolio/spec/models/user_spec.rb": [
        1,
        null,
        1,
        1,
        null
      ],
      "/Users/cody/Documents/Coding/epicodus/week_11/portfolio/spec/requests/posts_spec.rb": [
        1,
        null,
        1,
        1,
        1,
        1,
        1,
        null,
        null,
        null
      ],
      "/Users/cody/Documents/Coding/epicodus/week_11/portfolio/spec/routing/posts_routing_spec.rb": [
        1,
        null,
        1,
        1,
        null,
        1,
        1,
        null,
        null,
        1,
        1,
        null,
        null,
        1,
        1,
        null,
        null,
        1,
        1,
        null,
        null,
        1,
        1,
        null,
        null,
        1,
        1,
        null,
        null,
        1,
        1,
        null,
        null,
        1,
        1,
        null,
        null,
        null,
        null
      ],
      "/Users/cody/Documents/Coding/epicodus/week_11/portfolio/spec/views/posts/edit.html.erb_spec.rb": [
        1,
        null,
        1,
        1,
        1,
        null,
        null,
        null,
        null,
        null,
        1,
        1,
        null,
        1,
        null,
        1,
        null,
        1,
        null,
        null,
        null
      ],
      "/Users/cody/Documents/Coding/epicodus/week_11/portfolio/spec/views/posts/index.html.erb_spec.rb": [
        1,
        null,
        1,
        1,
        1,
        null,
        null,
        null,
        null,
        null,
        null,
        null,
        null,
        null,
        null,
        null,
        1,
        1,
        1,
        1,
        null,
        null
      ],
      "/Users/cody/Documents/Coding/epicodus/week_11/portfolio/spec/views/posts/new.html.erb_spec.rb": [
        1,
        null,
        1,
        1,
        1,
        null,
        null,
        null,
        null,
        null,
        1,
        1,
        null,
        1,
        null,
        1,
        null,
        1,
        null,
        null,
        null
      ],
      "/Users/cody/Documents/Coding/epicodus/week_11/portfolio/spec/views/posts/show.html.erb_spec.rb": [
        1,
        null,
        1,
        1,
        1,
        null,
        null,
        null,
        null,
        null,
        1,
        1,
        1,
        1,
        null,
        null
      ]
    },
    "timestamp": 1436561607
  }
}
